<?xml version="1.0" encoding="UTF-8"?>
<testng-results skipped="0" failed="0" ignored="0" total="3" passed="3">
  <reporter-output>
  </reporter-output>
  <suite name="Default suite" duration-ms="55166" started-at="2020-09-09T03:45:52Z" finished-at="2020-09-09T03:46:47Z">
    <groups>
      <group name="cucumber">
        <method signature="AbstractTestNGCucumberTests.runScenario(cucumber.api.testng.PickleEventWrapper, cucumber.api.testng.CucumberFeatureWrapper)[pri:0, instance:steps.RunnerFile@73ad2d6]" name="runScenario" class="cucumber.api.testng.AbstractTestNGCucumberTests"/>
      </group> <!-- cucumber -->
    </groups>
    <test name="Default test" duration-ms="55166" started-at="2020-09-09T03:45:52Z" finished-at="2020-09-09T03:46:47Z">
      <class name="steps.RunnerFile">
        <test-method status="PASS" signature="setUpClass()[pri:0, instance:steps.RunnerFile@73ad2d6]" name="setUpClass" is-config="true" duration-ms="269" started-at="2020-09-09T03:45:52Z" finished-at="2020-09-09T03:45:52Z">
          <reporter-output>
          </reporter-output>
        </test-method> <!-- setUpClass -->
        <test-method status="PASS" signature="login()[pri:0, instance:steps.RunnerFile@73ad2d6]" name="login" is-config="true" duration-ms="11301" started-at="2020-09-09T03:45:52Z" finished-at="2020-09-09T03:46:03Z">
          <reporter-output>
          </reporter-output>
        </test-method> <!-- login -->
        <test-method status="PASS" signature="runScenario(cucumber.api.testng.PickleEventWrapper, cucumber.api.testng.CucumberFeatureWrapper)[pri:0, instance:steps.RunnerFile@73ad2d6]" name="runScenario" duration-ms="2471" started-at="2020-09-09T03:46:03Z" description="Runs Cucumber Scenarios" data-provider="scenarios" finished-at="2020-09-09T03:46:06Z">
          <params>
            <param index="0">
              <value>
                <![CDATA["TC001_Login and Logout"]]>
              </value>
            </param>
            <param index="1">
              <value>
                <![CDATA["Automate LeafTaps Application"]]>
              </value>
            </param>
          </params>
          <reporter-output>
          </reporter-output>
        </test-method> <!-- runScenario -->
        <test-method status="PASS" signature="closeBrowser()[pri:0, instance:steps.RunnerFile@73ad2d6]" name="closeBrowser" is-config="true" duration-ms="1458" started-at="2020-09-09T03:46:06Z" finished-at="2020-09-09T03:46:07Z">
          <reporter-output>
          </reporter-output>
        </test-method> <!-- closeBrowser -->
        <test-method status="PASS" signature="login()[pri:0, instance:steps.RunnerFile@73ad2d6]" name="login" is-config="true" duration-ms="9160" started-at="2020-09-09T03:46:07Z" finished-at="2020-09-09T03:46:17Z">
          <reporter-output>
          </reporter-output>
        </test-method> <!-- login -->
        <test-method status="PASS" signature="runScenario(cucumber.api.testng.PickleEventWrapper, cucumber.api.testng.CucumberFeatureWrapper)[pri:0, instance:steps.RunnerFile@73ad2d6]" name="runScenario" duration-ms="1752" started-at="2020-09-09T03:46:17Z" description="Runs Cucumber Scenarios" data-provider="scenarios" finished-at="2020-09-09T03:46:18Z">
          <params>
            <param index="0">
              <value>
                <![CDATA["TC001_Login and Logout"]]>
              </value>
            </param>
            <param index="1">
              <value>
                <![CDATA["Automate LeafTaps Application"]]>
              </value>
            </param>
          </params>
          <reporter-output>
          </reporter-output>
        </test-method> <!-- runScenario -->
        <test-method status="PASS" signature="closeBrowser()[pri:0, instance:steps.RunnerFile@73ad2d6]" name="closeBrowser" is-config="true" duration-ms="795" started-at="2020-09-09T03:46:18Z" finished-at="2020-09-09T03:46:19Z">
          <reporter-output>
          </reporter-output>
        </test-method> <!-- closeBrowser -->
        <test-method status="PASS" signature="login()[pri:0, instance:steps.RunnerFile@73ad2d6]" name="login" is-config="true" duration-ms="8237" started-at="2020-09-09T03:46:19Z" finished-at="2020-09-09T03:46:27Z">
          <reporter-output>
          </reporter-output>
        </test-method> <!-- login -->
        <test-method status="PASS" signature="runScenario(cucumber.api.testng.PickleEventWrapper, cucumber.api.testng.CucumberFeatureWrapper)[pri:0, instance:steps.RunnerFile@73ad2d6]" name="runScenario" duration-ms="18772" started-at="2020-09-09T03:46:27Z" description="Runs Cucumber Scenarios" data-provider="scenarios" finished-at="2020-09-09T03:46:46Z">
          <params>
            <param index="0">
              <value>
                <![CDATA["TC002_ CreateLead"]]>
              </value>
            </param>
            <param index="1">
              <value>
                <![CDATA["Automate LeafTaps Application"]]>
              </value>
            </param>
          </params>
          <reporter-output>
          </reporter-output>
        </test-method> <!-- runScenario -->
        <test-method status="PASS" signature="closeBrowser()[pri:0, instance:steps.RunnerFile@73ad2d6]" name="closeBrowser" is-config="true" duration-ms="829" started-at="2020-09-09T03:46:46Z" finished-at="2020-09-09T03:46:47Z">
          <reporter-output>
          </reporter-output>
        </test-method> <!-- closeBrowser -->
        <test-method status="PASS" signature="tearDownClass()[pri:0, instance:steps.RunnerFile@73ad2d6]" name="tearDownClass" is-config="true" duration-ms="15" started-at="2020-09-09T03:46:47Z" finished-at="2020-09-09T03:46:47Z">
          <reporter-output>
          </reporter-output>
        </test-method> <!-- tearDownClass -->
      </class> <!-- steps.RunnerFile -->
    </test> <!-- Default test -->
  </suite> <!-- Default suite -->
</testng-results>
